[+] Containers:
 |- [+] Container: /Game/TacticalHandcannon/Maps/ThirdPersonMap
 |   |- [+] ActorDescs:
 |   |   |- Guid:03B1640D4F63F8CA19EE458AAD4FC28D BaseClass: NativeClass:/Script/Engine.SkeletalMeshActor Name:SkeletalMeshActor_UAID_B00CD162E1E7AA7702_1353730114 Label:Anim_HandcannonProneRollRight03 SpatiallyLoaded:1 Bounds:IsValid=true, Min=(X=1376.306 Y=5857.784 Z=97.850), Max=(X=1426.346 Y=5984.123 Z=191.194) RuntimeGrid:None EditorOnly:0 RuntimeOnly:0 HLODRelevant:0
 |   |   |- Guid:03DD441B44EBE3C03D5E3897FE8642E8 BaseClass: NativeClass:/Script/Engine.SkeletalMeshActor Name:SkeletalMeshActor_UAID_B00CD162E1E7AA7702_1426088131 Label:Anim_HandcannonShoot04 SpatiallyLoaded:1 Bounds:IsValid=true, Min=(X=4584.288 Y=2432.060 Z=94.713), Max=(X=4645.513 Y=2564.027 Z=222.513) RuntimeGrid:None EditorOnly:0 RuntimeOnly:0 HLODRelevant:0
 |   |   |- Guid:0944B06049C6BF6CAF44628249E88936 BaseClass: NativeClass:/Script/Engine.SkeletalMeshActor Name:SkeletalMeshActor_UAID_B00CD162E1E7AA7702_1251409090 Label:Anim_HandcannonAim11 SpatiallyLoaded:1 Bounds:IsValid=true, Min=(X=1329.894 Y=1574.636 Z=98.227), Max=(X=1499.043 Y=1654.338 Z=148.039) RuntimeGrid:None EditorOnly:0 RuntimeOnly:0 HLODRelevant:0
 |   |   |- Guid:19A1408143329C8EA9B2D8A25472336F BaseClass: NativeClass:/Script/Engine.SkeletalMeshActor Name:SkeletalMeshActor_UAID_B00CD162E1E7AA7702_1421757129 Label:Anim_HandcannonShoot02 SpatiallyLoaded:1 Bounds:IsValid=true, Min=(X=3772.158 Y=2448.548 Z=100.109), Max=(X=3825.357 Y=2566.677 Z=267.017) RuntimeGrid:None EditorOnly:0 RuntimeOnly:0 HLODRelevant:0
 |   |   |- Guid:238F3BEB4B985C0732CE9CB25CA38DCC BaseClass: NativeClass:/Script/Engine.DirectionalLight Name:DirectionalLight_UAID_B00CD162E1E7606102_2079774825 Label:DirectionalLight SpatiallyLoaded:0 Bounds:IsValid=true, Min=(X=-4398046511104.000 Y=-4398046511104.000 Z=-4398046511104.000), Max=(X=4398046511104.000 Y=4398046511104.000 Z=4398046511104.000) RuntimeGrid:None EditorOnly:0 RuntimeOnly:0 HLODRelevant:0
 |   |   |- Guid:264061B046FE7E1D5EB9A29A5CEDAB22 BaseClass: NativeClass:/Script/Engine.SkeletalMeshActor Name:SkeletalMeshActor_UAID_B00CD162E1E7AA7702_1292706098 Label:Anim_HandcannonDiveRight01 SpatiallyLoaded:1 Bounds:IsValid=true, Min=(X=957.457 Y=3373.677 Z=100.137), Max=(X=1040.879 Y=3447.968 Z=252.160) RuntimeGrid:None EditorOnly:0 RuntimeOnly:0 HLODRelevant:0
 |   |   |- Guid:2D5790E74CF369AEB76C3CAE1E5CC461 BaseClass: NativeClass:/Script/Engine.SkeletalMeshActor Name:SkeletalMeshActor_UAID_B00CD162E1E7AA7702_1253241091 Label:Anim_HandcannonAim12 SpatiallyLoaded:1 Bounds:IsValid=true, Min=(X=1710.953 Y=1568.650 Z=98.237), Max=(X=1880.106 Y=1648.368 Z=148.031) RuntimeGrid:None EditorOnly:0 RuntimeOnly:0 HLODRelevant:0
 |   |   |- Guid:2DB869364111769647CEB7949F2BD1C8 BaseClass: NativeClass:/Script/Engine.SkeletalMeshActor Name:SkeletalMeshActor_UAID_B00CD162E1E7AA7702_1294523099 Label:Anim_HandcannonDiveRight02 SpatiallyLoaded:1 Bounds:IsValid=true, Min=(X=551.456 Y=3373.677 Z=100.137), Max=(X=634.881 Y=3447.966 Z=252.158) RuntimeGrid:None EditorOnly:0 RuntimeOnly:0 HLODRelevant:0
 |   |   |- Guid:2E0C12504DAEFF5B44BA25A74267AEC0 BaseClass: NativeClass:/Script/Engine.SkeletalMeshActor Name:SkeletalMeshActor_UAID_B00CD162E1E7AA7702_1390467120 Label:Anim_HandcannonReload05 SpatiallyLoaded:1 Bounds:IsValid=true, Min=(X=3377.623 Y=990.370 Z=96.256), Max=(X=3426.171 Y=1205.745 Z=150.136) RuntimeGrid:None EditorOnly:0 RuntimeOnly:0 HLODRelevant:0
 |   |   |- Guid:2F0E1ED54A962F5E581DC08EF7C99B29 BaseClass: NativeClass:/Script/Engine.SkeletalMeshActor Name:SkeletalMeshActor_UAID_B00CD162E1E7AA7702_1315758102 Label:Anim_HandcannonProneRollBackward03 SpatiallyLoaded:1 Bounds:IsValid=true, Min=(X=1338.893 Y=4369.637 Z=98.235), Max=(X=1508.045 Y=4449.337 Z=148.036) RuntimeGrid:None EditorOnly:0 RuntimeOnly:0 HLODRelevant:0
 |   |   |- Guid:35E74F17485D3324FB1C1C8D99852426 BaseClass: NativeClass:/Script/Engine.SkeletalMeshActor Name:SkeletalMeshActor_UAID_B00CD162E1E7AA7702_1408945125 Label:Anim_HandcannonReload10 SpatiallyLoaded:1 Bounds:IsValid=true, Min=(X=3729.956 Y=1577.179 Z=97.811), Max=(X=3905.806 Y=1661.665 Z=148.769) RuntimeGrid:None EditorOnly:0 RuntimeOnly:0 HLODRelevant:0
 |   |   |- Guid:3A00AA1C422CE54C0BDB60BAF471BFBB BaseClass: NativeClass:/Script/Engine.PlayerStart Name:PlayerStart_0 Label:PlayerStart SpatiallyLoaded:0 Bounds:IsValid=true, Min=(X=3035.000 Y=5028.000 Z=0.013), Max=(X=3115.000 Y=5108.000 Z=184.013) RuntimeGrid:None EditorOnly:0 RuntimeOnly:0 HLODRelevant:0
 |   |   |- Guid:4254F20B4841D62FCA9A45ABE5007125 BaseClass: NativeClass:/Script/Engine.SkeletalMeshActor Name:SkeletalMeshActor_UAID_B00CD162E1E7AA7702_1384837118 Label:Anim_HandcannonReload03 SpatiallyLoaded:1 Bounds:IsValid=true, Min=(X=4162.483 Y=541.071 Z=94.704), Max=(X=4223.719 Y=673.000 Z=222.514) RuntimeGrid:None EditorOnly:0 RuntimeOnly:0 HLODRelevant:0
 |   |   |- Guid:480602084F007B137F428493ACA39105 BaseClass: NativeClass:/Script/Engine.SkeletalMeshActor Name:SkeletalMeshActor_UAID_B00CD162E1E7AA7702_1411110126 Label:Anim_HandcannonReload11 SpatiallyLoaded:1 Bounds:IsValid=true, Min=(X=4127.894 Y=1572.636 Z=98.227), Max=(X=4297.043 Y=1652.338 Z=148.039) RuntimeGrid:None EditorOnly:0 RuntimeOnly:0 HLODRelevant:0
 |   |   |- Guid:48AA1FA7432B273121A6E2AD6D87C5B9 BaseClass: NativeClass:/Script/Engine.SkeletalMeshActor Name:SkeletalMeshActor_UAID_B00CD162E1E7AA7702_1429354132 Label:Anim_HandcannonShoot05 SpatiallyLoaded:1 Bounds:IsValid=true, Min=(X=3376.623 Y=2892.370 Z=96.256), Max=(X=3425.171 Y=3107.745 Z=150.137) RuntimeGrid:None EditorOnly:0 RuntimeOnly:0 HLODRelevant:0
 |   |   |- Guid:49856FF745B848048E7C2CB606434DCC BaseClass: NativeClass:/Script/Engine.VolumetricCloud Name:VolumetricCloud_UAID_B00CD162E1E7606102_2080454827 Label:VolumetricCloud SpatiallyLoaded:0 Bounds:IsValid=true, Min=(X=0.000 Y=0.000 Z=0.000), Max=(X=0.000 Y=0.000 Z=0.000) RuntimeGrid:None EditorOnly:0 RuntimeOnly:0 HLODRelevant:0
 |   |   |- Guid:4A73D1F64B46F10FBE7D97BD9975B068 BaseClass: NativeClass:/Script/Engine.SkeletalMeshActor Name:SkeletalMeshActor_UAID_B00CD162E1E7AA7702_1312922101 Label:Anim_HandcannonProneRollBackward02 SpatiallyLoaded:1 Bounds:IsValid=true, Min=(X=925.943 Y=4371.181 Z=97.869), Max=(X=1101.809 Y=4455.666 Z=148.732) RuntimeGrid:None EditorOnly:0 RuntimeOnly:0 HLODRelevant:0
 |   |   |- Guid:4C6F3C70415E5E281C81E089E995E720 BaseClass: NativeClass:/Script/Engine.SkeletalMeshActor Name:SkeletalMeshActor_UAID_B00CD162E1E7AA7702_1290249097 Label:Anim_HandcannonDiveLeft02 SpatiallyLoaded:1 Bounds:IsValid=true, Min=(X=1360.084 Y=3376.687 Z=100.144), Max=(X=1443.568 Y=3450.961 Z=252.157) RuntimeGrid:None EditorOnly:0 RuntimeOnly:0 HLODRelevant:0
 |   |   |- Guid:52AB8B20454C11AF9227DD9AAC4A0A4C BaseClass: NativeClass:/Script/Engine.SkeletalMeshActor Name:SkeletalMeshActor_UAID_B00CD162E1E7A97702_2140663906 Label:Anim_HandcannonAim03 SpatiallyLoaded:1 Bounds:IsValid=true, Min=(X=1362.483 Y=537.071 Z=94.704), Max=(X=1423.719 Y=669.000 Z=222.514) RuntimeGrid:None EditorOnly:0 RuntimeOnly:0 HLODRelevant:0
 |   |   |- Guid:56EFFAF543AFB123A25CCE9E4086AD3D BaseClass: NativeClass:/Script/Engine.StaticMeshActor Name:StaticMeshActor_UAID_B00CD162E1E7AA7702_1454170140 Label:SM_Handcannon SpatiallyLoaded:1 Bounds:IsValid=true, Min=(X=3855.713 Y=4601.914 Z=212.294), Max=(X=3905.804 Y=4608.031 Z=230.092) RuntimeGrid:None EditorOnly:0 RuntimeOnly:0 HLODRelevant:1
 |   |   |- Guid:5CCD05944DCE2A6F8867CBBD241554D4 BaseClass: NativeClass:/Script/Engine.SkeletalMeshActor Name:SkeletalMeshActor_UAID_B00CD162E1E7AA7702_1446003139 Label:Anim_HandcannonShoot12 SpatiallyLoaded:1 Bounds:IsValid=true, Min=(X=4509.950 Y=3466.656 Z=98.235), Max=(X=4679.107 Y=3546.370 Z=148.034) RuntimeGrid:None EditorOnly:0 RuntimeOnly:0 HLODRelevant:0
 |   |   |- Guid:5DC7428B408D87926F80408977868B7D BaseClass: NativeClass:/Script/Engine.SkeletalMeshActor Name:SkeletalMeshActor_UAID_B00CD162E1E7AA7702_1321853104 Label:Anim_HandcannonProneRollForward01 SpatiallyLoaded:1 Bounds:IsValid=true, Min=(X=491.191 Y=4878.208 Z=97.866), Max=(X=667.057 Y=4962.634 Z=148.731) RuntimeGrid:None EditorOnly:0 RuntimeOnly:0 HLODRelevant:0
 |   |   |- Guid:5DFDF3F94F5D1982137E2AAFD038644D BaseClass: NativeClass:/Script/Engine.SkeletalMeshActor Name:SkeletalMeshActor_UAID_B00CD162E1E7AA7702_1356011115 Label:Anim_HandcannonProneRollRight04 SpatiallyLoaded:1 Bounds:IsValid=true, Min=(X=1771.656 Y=5864.782 Z=97.801), Max=(X=1821.692 Y=5991.128 Z=191.194) RuntimeGrid:None EditorOnly:0 RuntimeOnly:0 HLODRelevant:0
 |   |   |- Guid:5FCFC2324AC35F0AD33CB9B8CC485A6F BaseClass: NativeClass:/Script/Engine.SkeletalMeshActor Name:SkeletalMeshActor_UAID_B00CD162E1E7A97702_2136760905 Label:Anim_HandcannonAim02 SpatiallyLoaded:1 Bounds:IsValid=true, Min=(X=973.156 Y=548.559 Z=100.110), Max=(X=1026.357 Y=666.682 Z=267.018) RuntimeGrid:None EditorOnly:0 RuntimeOnly:0 HLODRelevant:0
 |   |   |- Guid:611F48A54BC03CF3502133BE75EE80A5 BaseClass: NativeClass:/Script/Engine.SkeletalMeshActor Name:SkeletalMeshActor_UAID_B00CD162E1E7AA7702_1249024089 Label:Anim_HandcannonAim10 SpatiallyLoaded:1 Bounds:IsValid=true, Min=(X=929.955 Y=1577.179 Z=97.811), Max=(X=1105.806 Y=1661.664 Z=148.767) RuntimeGrid:None EditorOnly:0 RuntimeOnly:0 HLODRelevant:0
 |   |   |- Guid:63C744D0414A95D881AFA59E8BFBC95C BaseClass: NativeClass:/Script/Engine.SkeletalMeshActor Name:SkeletalMeshActor_UAID_B00CD162E1E7AA7702_1378975116 Label:Anim_HandcannonReload01 SpatiallyLoaded:1 Bounds:IsValid=true, Min=(X=3372.635 Y=544.556 Z=100.113), Max=(X=3425.840 Y=662.654 Z=267.018) RuntimeGrid:None EditorOnly:0 RuntimeOnly:0 HLODRelevant:0
 |   |   |- Guid:6BAF4DDD444C60371492D3919DB42C97 BaseClass: NativeClass:/Script/Engine.WorldDataLayers Name:WorldDataLayers Label:WorldDataLayers SpatiallyLoaded:0 Bounds:IsValid=true, Min=(X=0.000 Y=0.000 Z=0.000), Max=(X=0.000 Y=0.000 Z=0.000) RuntimeGrid:None EditorOnly:0 RuntimeOnly:0 HLODRelevant:0
 |   |   |- Guid:6E965A9D40B55CB7E6E214A93509FB3B BaseClass: NativeClass:/Script/Engine.ExponentialHeightFog Name:ExponentialHeightFog_UAID_B00CD162E1E7606102_2080833828 Label:ExponentialHeightFog SpatiallyLoaded:0 Bounds:IsValid=true, Min=(X=0.000 Y=0.000 Z=0.000), Max=(X=0.000 Y=0.000 Z=0.000) RuntimeGrid:None EditorOnly:0 RuntimeOnly:0 HLODRelevant:0
 |   |   |- Guid:7110560D4259893CAE53AFBD2C09EC0A BaseClass: NativeClass:/Script/Engine.SkeletalMeshActor Name:SkeletalMeshActor_UAID_B00CD162E1E7AA7702_1349277112 Label:Anim_HandcannonProneRollRight01 SpatiallyLoaded:1 Bounds:IsValid=true, Min=(X=573.631 Y=5786.370 Z=96.257), Max=(X=622.169 Y=6001.745 Z=150.138) RuntimeGrid:None EditorOnly:0 RuntimeOnly:0 HLODRelevant:0
 |   |   |- Guid:87B0C6384DACCEB2B4BF918CF23CEF73 BaseClass: NativeClass:/Script/Engine.SkyLight Name:SkyLight_UAID_B00CD162E1E7606102_2079436824 Label:SkyLight SpatiallyLoaded:0 Bounds:IsValid=true, Min=(X=0.000 Y=0.000 Z=0.000), Max=(X=0.000 Y=0.000 Z=0.000) RuntimeGrid:None EditorOnly:0 RuntimeOnly:0 HLODRelevant:0
 |   |   |- Guid:8C5B4E434A19CDEC6FE709A2D1D3811A BaseClass: NativeClass:/Script/Engine.SkeletalMeshActor Name:SkeletalMeshActor_UAID_B00CD162E1E7AA7702_1239189086 Label:Anim_HandcannonAim07 SpatiallyLoaded:1 Bounds:IsValid=true, Min=(X=1378.305 Y=1057.786 Z=97.848), Max=(X=1428.340 Y=1184.127 Z=191.195) RuntimeGrid:None EditorOnly:0 RuntimeOnly:0 HLODRelevant:0
 |   |   |- Guid:8C9572FE4D4E91757053E9B8F7B8E65E BaseClass: NativeClass:/Script/Engine.SkeletalMeshActor Name:SkeletalMeshActor_UAID_B00CD162E1E7AA7702_1419377128 Label:Anim_HandcannonShoot01 SpatiallyLoaded:1 Bounds:IsValid=true, Min=(X=3375.636 Y=2453.558 Z=100.113), Max=(X=3428.840 Y=2571.656 Z=267.018) RuntimeGrid:None EditorOnly:0 RuntimeOnly:0 HLODRelevant:0
 |   |   |- Guid:9840EEEB4213B24FA353E2945DCE296B BaseClass: NativeClass:/Script/Engine.SkeletalMeshActor Name:SkeletalMeshActor_UAID_B00CD162E1E7AA7702_1439614136 Label:Anim_HandcannonShoot09 SpatiallyLoaded:1 Bounds:IsValid=true, Min=(X=3291.187 Y=3475.207 Z=97.867), Max=(X=3467.057 Y=3559.635 Z=148.730) RuntimeGrid:None EditorOnly:0 RuntimeOnly:0 HLODRelevant:0
 |   |   |- Guid:9E4A25B941D3D082074D599AAE89FACD BaseClass: NativeClass:/Script/Engine.SkeletalMeshActor Name:SkeletalMeshActor_UAID_B00CD162E1E7AA7702_1431444133 Label:Anim_HandcannonShoot06 SpatiallyLoaded:1 Bounds:IsValid=true, Min=(X=3772.808 Y=2885.367 Z=96.262), Max=(X=3821.353 Y=3100.768 Z=150.141) RuntimeGrid:None EditorOnly:0 RuntimeOnly:0 HLODRelevant:0
 |   |   |- Guid:A027968E4B5F359F8BB6E083411A009E BaseClass: NativeClass:/Script/Engine.SkeletalMeshActor Name:SkeletalMeshActor_UAID_B00CD162E1E7AA7702_1433461134 Label:Anim_HandcannonShoot07 SpatiallyLoaded:1 Bounds:IsValid=true, Min=(X=4175.305 Y=2962.786 Z=97.848), Max=(X=4225.340 Y=3089.127 Z=191.194) RuntimeGrid:None EditorOnly:0 RuntimeOnly:0 HLODRelevant:0
 |   |   |- Guid:A5D59C40441709D7284E1B86EA305589 BaseClass: NativeClass:/Script/Engine.SkeletalMeshActor Name:SkeletalMeshActor_UAID_B00CD162E1E7AA7702_1326837106 Label:Anim_HandcannonProneRollForward03 SpatiallyLoaded:1 Bounds:IsValid=true, Min=(X=1334.893 Y=4868.637 Z=98.235), Max=(X=1504.045 Y=4948.337 Z=148.036) RuntimeGrid:None EditorOnly:0 RuntimeOnly:0 HLODRelevant:0
 |   |   |- Guid:A6B0905E424F3722FD46CDBF147A0174 BaseClass: NativeClass:/Script/Engine.SkeletalMeshActor Name:SkeletalMeshActor_UAID_B00CD162E1E7AA7702_1242022087 Label:Anim_HandcannonAim08 SpatiallyLoaded:1 Bounds:IsValid=true, Min=(X=1773.658 Y=1058.785 Z=97.799), Max=(X=1823.693 Y=1185.131 Z=191.195) RuntimeGrid:None EditorOnly:0 RuntimeOnly:0 HLODRelevant:0
 |   |   |- Guid:ACA51A7E4D496099E362249853BE3B46 BaseClass: NativeClass:/Script/Engine.SkeletalMeshActor Name:SkeletalMeshActor_UAID_B00CD162E1E7AA7702_1441975137 Label:Anim_HandcannonShoot10 SpatiallyLoaded:1 Bounds:IsValid=true, Min=(X=3730.942 Y=3479.179 Z=97.866), Max=(X=3906.812 Y=3563.663 Z=148.732) RuntimeGrid:None EditorOnly:0 RuntimeOnly:0 HLODRelevant:0
 |   |   |- Guid:AD8453004E84EFCBDF86318CA36ABA63 BaseClass: NativeClass:/Script/Engine.TextRenderActor Name:TextRenderActor_UAID_B00CD162E1E7806F02_2079325361 Label:TextRenderActor14 SpatiallyLoaded:1 Bounds:IsValid=true, Min=(X=822.900 Y=-52.000 Z=625.013), Max=(X=2299.823 Y=-52.000 Z=775.013) RuntimeGrid:None EditorOnly:0 RuntimeOnly:0 HLODRelevant:0
 |   |   |- Guid:B30334D0461303EC7C3F348CC8784C30 BaseClass: NativeClass:/Script/Engine.SkeletalMeshActor Name:SkeletalMeshActor_UAID_B00CD162E1E7A97702_2143011907 Label:Anim_HandcannonAim04 SpatiallyLoaded:1 Bounds:IsValid=true, Min=(X=1777.288 Y=529.057 Z=94.716), Max=(X=1838.512 Y=661.027 Z=222.513) RuntimeGrid:None EditorOnly:0 RuntimeOnly:0 HLODRelevant:0
 |   |   |- Guid:B3A02B3343CED1F7AC243C9C24A38718 BaseClass: NativeClass:/Script/Engine.SkeletalMeshActor Name:SkeletalMeshActor_UAID_B00CD162E1E7AA7702_1310176100 Label:Anim_HandcannonProneRollBackward01 SpatiallyLoaded:1 Bounds:IsValid=true, Min=(X=489.191 Y=4379.208 Z=97.866), Max=(X=665.057 Y=4463.634 Z=148.731) RuntimeGrid:None EditorOnly:0 RuntimeOnly:0 HLODRelevant:0
 |   |   |- Guid:B5045E6E42B3C5FCE08F758838A420CA BaseClass: NativeClass:/Script/Engine.SkeletalMeshActor Name:SkeletalMeshActor_UAID_B00CD162E1E7AA7702_1343242111 Label:Anim_HandcannonProneRollLeft04 SpatiallyLoaded:1 Bounds:IsValid=true, Min=(X=1775.650 Y=5358.783 Z=97.801), Max=(X=1825.692 Y=5485.126 Z=191.194) RuntimeGrid:None EditorOnly:0 RuntimeOnly:0 HLODRelevant:0
 |   |   |- Guid:B6C2636840139D2E5EB6BE969377B503 BaseClass: NativeClass:/Script/Engine.SkeletalMeshActor Name:SkeletalMeshActor_UAID_B00CD162E1E7AA7702_1246935088 Label:Anim_HandcannonAim09 SpatiallyLoaded:1 Bounds:IsValid=true, Min=(X=491.187 Y=1574.207 Z=97.870), Max=(X=667.055 Y=1658.635 Z=148.735) RuntimeGrid:None EditorOnly:0 RuntimeOnly:0 HLODRelevant:0
 |   |   |- Guid:B785E15740BF9B861962308A889CCDFA BaseClass: NativeClass:/Script/Engine.SkeletalMeshActor Name:SkeletalMeshActor_UAID_B00CD162E1E7AA7702_1381277117 Label:Anim_HandcannonReload02 SpatiallyLoaded:1 Bounds:IsValid=true, Min=(X=3781.158 Y=547.553 Z=100.109), Max=(X=3834.356 Y=665.685 Z=267.017) RuntimeGrid:None EditorOnly:0 RuntimeOnly:0 HLODRelevant:0
 |   |   |- Guid:B7D45B4C4AC4848A4697CD83115DE835 BaseClass: NativeClass:/Script/Engine.SkeletalMeshActor Name:SkeletalMeshActor_UAID_B00CD162E1E7AA7702_1271396094 Label:Anim_HandcannonDiveForward01 SpatiallyLoaded:1 Bounds:IsValid=true, Min=(X=1366.774 Y=2854.635 Z=100.025), Max=(X=1447.539 Y=2929.404 Z=254.032) RuntimeGrid:None EditorOnly:0 RuntimeOnly:0 HLODRelevant:0
 |   |   |- Guid:B92B825D4FCA3C214F7E3D89D4E375EF BaseClass: NativeClass:/Script/Engine.SkeletalMeshActor Name:SkeletalMeshActor_UAID_B00CD162E1E7AA7702_1234836084 Label:Anim_HandcannonAim05 SpatiallyLoaded:1 Bounds:IsValid=true, Min=(X=584.623 Y=990.370 Z=96.256), Max=(X=633.171 Y=1205.746 Z=150.136) RuntimeGrid:None EditorOnly:0 RuntimeOnly:0 HLODRelevant:0
 |   |   |- Guid:BC4144B84630123C87FB55B9682ADEE7 BaseClass: NativeClass:/Script/Engine.SkeletalMeshActor Name:SkeletalMeshActor_UAID_B00CD162E1E7AA7702_1338940109 Label:Anim_HandcannonProneRollLeft02 SpatiallyLoaded:1 Bounds:IsValid=true, Min=(X=974.815 Y=5290.369 Z=96.266), Max=(X=1023.353 Y=5505.776 Z=150.130) RuntimeGrid:None EditorOnly:0 RuntimeOnly:0 HLODRelevant:0
 |   |   |- Guid:BC750F9E4151E47BD49F84A7CCA8739E BaseClass: NativeClass:/Script/Engine.SkeletalMeshActor Name:SkeletalMeshActor_UAID_B00CD162E1E7AA7702_1387971119 Label:Anim_HandcannonReload04 SpatiallyLoaded:1 Bounds:IsValid=true, Min=(X=4583.286 Y=530.060 Z=94.713), Max=(X=4644.513 Y=662.031 Z=222.513) RuntimeGrid:None EditorOnly:0 RuntimeOnly:0 HLODRelevant:0
 |   |   |- Guid:BD9592D94BC0ACC197F3D29F60A80D26 BaseClass: NativeClass:/Script/Engine.SkeletalMeshActor Name:SkeletalMeshActor_UAID_B00CD162E1E7AA7702_1413045127 Label:Anim_HandcannonReload12 SpatiallyLoaded:1 Bounds:IsValid=true, Min=(X=4505.954 Y=1572.637 Z=98.235), Max=(X=4675.106 Y=1652.370 Z=148.034) RuntimeGrid:None EditorOnly:0 RuntimeOnly:0 HLODRelevant:0
 |   |   |- Guid:BDB1F57D40E217E813C183ACD8599B41 BaseClass: NativeClass:/Script/Engine.SkeletalMeshActor Name:SkeletalMeshActor_UAID_B00CD162E1E7AA7702_1406379124 Label:Anim_HandcannonReload09 SpatiallyLoaded:1 Bounds:IsValid=true, Min=(X=3292.187 Y=1574.207 Z=97.867), Max=(X=3468.057 Y=1658.635 Z=148.731) RuntimeGrid:None EditorOnly:0 RuntimeOnly:0 HLODRelevant:0
 |   |   |- Guid:C02793CE46C629C89DD2CF9D875E3E75 BaseClass: NativeClass:/Script/Engine.SkeletalMeshActor Name:SkeletalMeshActor_UAID_B00CD162E1E7AA7702_1444012138 Label:Anim_HandcannonShoot11 SpatiallyLoaded:1 Bounds:IsValid=true, Min=(X=4127.894 Y=3470.636 Z=98.227), Max=(X=4297.043 Y=3550.338 Z=148.039) RuntimeGrid:None EditorOnly:0 RuntimeOnly:0 HLODRelevant:0
 |   |   |- Guid:C252A3F64D938080E841F2943ECF818F BaseClass: NativeClass:/Script/Engine.SkeletalMeshActor Name:SkeletalMeshActor_UAID_B00CD162E1E7AA7702_1398886122 Label:Anim_HandcannonReload07 SpatiallyLoaded:1 Bounds:IsValid=true, Min=(X=4179.305 Y=1058.785 Z=97.847), Max=(X=4229.340 Y=1185.127 Z=191.194) RuntimeGrid:None EditorOnly:0 RuntimeOnly:0 HLODRelevant:0
 |   |   |- Guid:C36DA6B04A318652C7C15BA48046030F BaseClass: NativeClass:/Script/Engine.SkeletalMeshActor Name:SkeletalMeshActor_UAID_B00CD162E1E7AA7702_1351563113 Label:Anim_HandcannonProneRollRight02 SpatiallyLoaded:1 Bounds:IsValid=true, Min=(X=975.807 Y=5782.368 Z=96.259), Max=(X=1024.347 Y=5997.776 Z=150.135) RuntimeGrid:None EditorOnly:0 RuntimeOnly:0 HLODRelevant:0
 |   |   |- Guid:C437DD5B44163A3907B00C83FF6DB18E BaseClass: NativeClass:/Script/Engine.SkeletalMeshActor Name:SkeletalMeshActor_UAID_B00CD162E1E7AA7702_1423923130 Label:Anim_HandcannonShoot03 SpatiallyLoaded:1 Bounds:IsValid=true, Min=(X=4167.483 Y=2435.071 Z=94.704), Max=(X=4228.719 Y=2567.000 Z=222.514) RuntimeGrid:None EditorOnly:0 RuntimeOnly:0 HLODRelevant:0
 |   |   |- Guid:C68FC3CF43D11F2C59950EBE37A2BF2E BaseClass: NativeClass:/Script/Engine.SkeletalMeshActor Name:SkeletalMeshActor_UAID_B00CD162E1E7AA7702_1341397110 Label:Anim_HandcannonProneRollLeft03 SpatiallyLoaded:1 Bounds:IsValid=true, Min=(X=1376.306 Y=5357.787 Z=97.850), Max=(X=1426.342 Y=5484.123 Z=191.195) RuntimeGrid:None EditorOnly:0 RuntimeOnly:0 HLODRelevant:0
 |   |   |- Guid:CCA6F52D4F6C1B24FA00F59444716FA9 BaseClass: NativeClass:/Script/Engine.SkeletalMeshActor Name:SkeletalMeshActor_UAID_B00CD162E1E7A97702_2133726904 Label:Anim_HandcannonAim01 SpatiallyLoaded:1 Bounds:IsValid=true, Min=(X=569.636 Y=547.558 Z=100.113), Max=(X=622.840 Y=665.656 Z=267.018) RuntimeGrid:None EditorOnly:0 RuntimeOnly:0 HLODRelevant:0
 |   |   |- Guid:D6700BAC4C9E2E2E7CFB8DAE4DBBDE02 BaseClass: NativeClass:/Script/Engine.SkeletalMeshActor Name:SkeletalMeshActor_UAID_B00CD162E1E7AA7702_1268907093 Label:Anim_HandcannonDiveBackward02 SpatiallyLoaded:1 Bounds:IsValid=true, Min=(X=968.652 Y=2871.462 Z=99.922), Max=(X=1041.310 Y=2950.363 Z=260.733) RuntimeGrid:None EditorOnly:0 RuntimeOnly:0 HLODRelevant:0
 |   |   |- Guid:DB536DED4D530B08FB83528530874EF0 BaseClass: NativeClass:/Script/Engine.SkeletalMeshActor Name:SkeletalMeshActor_UAID_B00CD162E1E7AA7702_1394194121 Label:Anim_HandcannonReload06 SpatiallyLoaded:1 Bounds:IsValid=true, Min=(X=3777.817 Y=985.368 Z=96.262), Max=(X=3826.361 Y=1200.776 Z=150.136) RuntimeGrid:None EditorOnly:0 RuntimeOnly:0 HLODRelevant:0
 |   |   |- Guid:DC97DA7243A4CDF7F5460294A8092DF4 BaseClass: NativeClass:/Script/Engine.SkeletalMeshActor Name:SkeletalMeshActor_UAID_B00CD162E1E7AA7702_1266679092 Label:Anim_HandcannonDiveBackward01 SpatiallyLoaded:1 Bounds:IsValid=true, Min=(X=565.693 Y=2866.459 Z=99.926), Max=(X=638.346 Y=2945.356 Z=260.732) RuntimeGrid:None EditorOnly:0 RuntimeOnly:0 HLODRelevant:0
 |   |   |- Guid:E059FB924A96AC14EB181482AC3B11EF BaseClass: NativeClass:/Script/Engine.SkeletalMeshActor Name:SkeletalMeshActor_UAID_B00CD162E1E7AA7702_1329198107 Label:Anim_HandcannonProneRollForward04 SpatiallyLoaded:1 Bounds:IsValid=true, Min=(X=1704.952 Y=4873.643 Z=98.231), Max=(X=1874.106 Y=4953.368 Z=148.035) RuntimeGrid:None EditorOnly:0 RuntimeOnly:0 HLODRelevant:0
 |   |   |- Guid:E18CE53E46C0CCD6B07A5481614646FE BaseClass: NativeClass:/Script/Engine.SkeletalMeshActor Name:SkeletalMeshActor_UAID_B00CD162E1E7AA7702_1236788085 Label:Anim_HandcannonAim06 SpatiallyLoaded:1 Bounds:IsValid=true, Min=(X=975.808 Y=988.367 Z=96.261), Max=(X=1024.353 Y=1203.769 Z=150.141) RuntimeGrid:None EditorOnly:0 RuntimeOnly:0 HLODRelevant:0
 |   |   |- Guid:E2D85E01441BDAA3D60C57AEC3D324BB BaseClass: NativeClass:/Script/Engine.SkeletalMeshActor Name:SkeletalMeshActor_UAID_B00CD162E1E7AA7702_1273626095 Label:Anim_HandcannonDiveForward02 SpatiallyLoaded:1 Bounds:IsValid=true, Min=(X=1765.461 Y=2851.632 Z=100.020), Max=(X=1846.227 Y=2926.410 Z=254.030) RuntimeGrid:None EditorOnly:0 RuntimeOnly:0 HLODRelevant:0
 |   |   |- Guid:F1924B8D48954B30891B2DB6A694F9CC BaseClass: NativeClass:/Script/Engine.StaticMeshActor Name:StaticMeshActor_1 Label:SM_Cube SpatiallyLoaded:1 Bounds:IsValid=true, Min=(X=0.000 Y=0.000 Z=-50.000), Max=(X=7000.000 Y=7000.000 Z=100.000) RuntimeGrid:None EditorOnly:0 RuntimeOnly:0 HLODRelevant:1 FolderPath:Playground FolderGuid:C73F09FC4215536B1DCE2A9E0A830C70
 |   |   |- Guid:F37BC80E42082D6FFCEB47A8B61813E7 BaseClass: NativeClass:/Script/Engine.SkeletalMeshActor Name:SkeletalMeshActor_UAID_B00CD162E1E7AA7702_1400877123 Label:Anim_HandcannonReload08 SpatiallyLoaded:1 Bounds:IsValid=true, Min=(X=4581.662 Y=1051.785 Z=97.798), Max=(X=4631.691 Y=1178.130 Z=191.194) RuntimeGrid:None EditorOnly:0 RuntimeOnly:0 HLODRelevant:0
 |   |   |- Guid:F59C6FC943C9D80A9B34EE8035FEEE45 BaseClass: NativeClass:/Script/Engine.SkeletalMeshActor Name:SkeletalMeshActor_UAID_B00CD162E1E7AA7702_1336154108 Label:Anim_HandcannonProneRollLeft01 SpatiallyLoaded:1 Bounds:IsValid=true, Min=(X=574.637 Y=5286.369 Z=96.263), Max=(X=623.175 Y=5501.745 Z=150.134) RuntimeGrid:None EditorOnly:0 RuntimeOnly:0 HLODRelevant:0
 |   |   |- Guid:FB9E1FEE41AC91D98374968EE365E229 BaseClass: NativeClass:/Script/Engine.SkeletalMeshActor Name:SkeletalMeshActor_UAID_B00CD162E1E7AA7702_1287340096 Label:Anim_HandcannonDiveLeft01 SpatiallyLoaded:1 Bounds:IsValid=true, Min=(X=1765.166 Y=3368.693 Z=100.142), Max=(X=1848.529 Y=3442.964 Z=252.156) RuntimeGrid:None EditorOnly:0 RuntimeOnly:0 HLODRelevant:0
 |   |   |- Guid:FD8FB1CC46883D877D17218278980159 BaseClass: NativeClass:/Script/Engine.SkeletalMeshActor Name:SkeletalMeshActor_UAID_B00CD162E1E7AA7702_1435563135 Label:Anim_HandcannonShoot08 SpatiallyLoaded:1 Bounds:IsValid=true, Min=(X=4579.658 Y=2955.785 Z=97.799), Max=(X=4629.693 Y=3082.131 Z=191.195) RuntimeGrid:None EditorOnly:0 RuntimeOnly:0 HLODRelevant:0
 |   |   |- Guid:FDB274D8407BABB00CFC7090415FE3EC BaseClass: NativeClass:/Script/Engine.SkyAtmosphere Name:SkyAtmosphere_UAID_B00CD162E1E7606102_2080104826 Label:SkyAtmosphere SpatiallyLoaded:0 Bounds:IsValid=true, Min=(X=0.000 Y=0.000 Z=0.000), Max=(X=0.000 Y=0.000 Z=0.000) RuntimeGrid:None EditorOnly:0 RuntimeOnly:0 HLODRelevant:0
 |   |   |- Guid:FEAF488C47115900269F408046E02547 BaseClass: NativeClass:/Script/Engine.SkeletalMeshActor Name:SkeletalMeshActor_UAID_B00CD162E1E7AA7702_1318100103 Label:Anim_HandcannonProneRollBackward04 SpatiallyLoaded:1 Bounds:IsValid=true, Min=(X=1714.947 Y=4358.667 Z=98.235), Max=(X=1884.106 Y=4438.367 Z=148.035) RuntimeGrid:None EditorOnly:0 RuntimeOnly:0 HLODRelevant:0
 |   |   |- Guid:FF6C43C447B84E5EFDE522B49762825E BaseClass: NativeClass:/Script/Engine.SkeletalMeshActor Name:SkeletalMeshActor_UAID_B00CD162E1E7AA7702_1324404105 Label:Anim_HandcannonProneRollForward02 SpatiallyLoaded:1 Bounds:IsValid=true, Min=(X=930.942 Y=4881.183 Z=97.864), Max=(X=1106.807 Y=4965.665 Z=148.731) RuntimeGrid:None EditorOnly:0 RuntimeOnly:0 HLODRelevant:0
 |   |- [+] Clusters:
 |   |   |- [+] [  0]
 |   |   |   |- Guid:FDB274D8407BABB00CFC7090415FE3EC BaseClass: NativeClass:/Script/Engine.SkyAtmosphere Name:SkyAtmosphere_UAID_B00CD162E1E7606102_2080104826 Label:SkyAtmosphere SpatiallyLoaded:0 Bounds:IsValid=true, Min=(X=0.000 Y=0.000 Z=0.000), Max=(X=0.000 Y=0.000 Z=0.000) RuntimeGrid:None EditorOnly:0 RuntimeOnly:0 HLODRelevant:0
 |   |   |- [+] [  1]
 |   |   |   |- Guid:6E965A9D40B55CB7E6E214A93509FB3B BaseClass: NativeClass:/Script/Engine.ExponentialHeightFog Name:ExponentialHeightFog_UAID_B00CD162E1E7606102_2080833828 Label:ExponentialHeightFog SpatiallyLoaded:0 Bounds:IsValid=true, Min=(X=0.000 Y=0.000 Z=0.000), Max=(X=0.000 Y=0.000 Z=0.000) RuntimeGrid:None EditorOnly:0 RuntimeOnly:0 HLODRelevant:0
 |   |   |- [+] [  2]
 |   |   |   |- Guid:49856FF745B848048E7C2CB606434DCC BaseClass: NativeClass:/Script/Engine.VolumetricCloud Name:VolumetricCloud_UAID_B00CD162E1E7606102_2080454827 Label:VolumetricCloud SpatiallyLoaded:0 Bounds:IsValid=true, Min=(X=0.000 Y=0.000 Z=0.000), Max=(X=0.000 Y=0.000 Z=0.000) RuntimeGrid:None EditorOnly:0 RuntimeOnly:0 HLODRelevant:0
 |   |   |- [+] [  3]
 |   |   |   |- Guid:87B0C6384DACCEB2B4BF918CF23CEF73 BaseClass: NativeClass:/Script/Engine.SkyLight Name:SkyLight_UAID_B00CD162E1E7606102_2079436824 Label:SkyLight SpatiallyLoaded:0 Bounds:IsValid=true, Min=(X=0.000 Y=0.000 Z=0.000), Max=(X=0.000 Y=0.000 Z=0.000) RuntimeGrid:None EditorOnly:0 RuntimeOnly:0 HLODRelevant:0
 |   |   |- [+] [  4]
 |   |   |   |- Guid:6BAF4DDD444C60371492D3919DB42C97 BaseClass: NativeClass:/Script/Engine.WorldDataLayers Name:WorldDataLayers Label:WorldDataLayers SpatiallyLoaded:0 Bounds:IsValid=true, Min=(X=0.000 Y=0.000 Z=0.000), Max=(X=0.000 Y=0.000 Z=0.000) RuntimeGrid:None EditorOnly:0 RuntimeOnly:0 HLODRelevant:0
 |   |   |- [+] [  5]
 |   |   |   |- Guid:F1924B8D48954B30891B2DB6A694F9CC BaseClass: NativeClass:/Script/Engine.StaticMeshActor Name:StaticMeshActor_1 Label:SM_Cube SpatiallyLoaded:1 Bounds:IsValid=true, Min=(X=0.000 Y=0.000 Z=-50.000), Max=(X=7000.000 Y=7000.000 Z=100.000) RuntimeGrid:None EditorOnly:0 RuntimeOnly:0 HLODRelevant:1 FolderPath:Playground FolderGuid:C73F09FC4215536B1DCE2A9E0A830C70
 |   |   |- [+] [  6]
 |   |   |   |- Guid:AD8453004E84EFCBDF86318CA36ABA63 BaseClass: NativeClass:/Script/Engine.TextRenderActor Name:TextRenderActor_UAID_B00CD162E1E7806F02_2079325361 Label:TextRenderActor14 SpatiallyLoaded:1 Bounds:IsValid=true, Min=(X=822.900 Y=-52.000 Z=625.013), Max=(X=2299.823 Y=-52.000 Z=775.013) RuntimeGrid:None EditorOnly:0 RuntimeOnly:0 HLODRelevant:0
 |   |   |- [+] [  7]
 |   |   |   |- Guid:238F3BEB4B985C0732CE9CB25CA38DCC BaseClass: NativeClass:/Script/Engine.DirectionalLight Name:DirectionalLight_UAID_B00CD162E1E7606102_2079774825 Label:DirectionalLight SpatiallyLoaded:0 Bounds:IsValid=true, Min=(X=-4398046511104.000 Y=-4398046511104.000 Z=-4398046511104.000), Max=(X=4398046511104.000 Y=4398046511104.000 Z=4398046511104.000) RuntimeGrid:None EditorOnly:0 RuntimeOnly:0 HLODRelevant:0
 |   |   |- [+] [  8]
 |   |   |   |- Guid:3A00AA1C422CE54C0BDB60BAF471BFBB BaseClass: NativeClass:/Script/Engine.PlayerStart Name:PlayerStart_0 Label:PlayerStart SpatiallyLoaded:0 Bounds:IsValid=true, Min=(X=3035.000 Y=5028.000 Z=0.013), Max=(X=3115.000 Y=5108.000 Z=184.013) RuntimeGrid:None EditorOnly:0 RuntimeOnly:0 HLODRelevant:0
 |   |   |- [+] [  9]
 |   |   |   |- Guid:CCA6F52D4F6C1B24FA00F59444716FA9 BaseClass: NativeClass:/Script/Engine.SkeletalMeshActor Name:SkeletalMeshActor_UAID_B00CD162E1E7A97702_2133726904 Label:Anim_HandcannonAim01 SpatiallyLoaded:1 Bounds:IsValid=true, Min=(X=569.636 Y=547.558 Z=100.113), Max=(X=622.840 Y=665.656 Z=267.018) RuntimeGrid:None EditorOnly:0 RuntimeOnly:0 HLODRelevant:0
 |   |   |- [+] [ 10]
 |   |   |   |- Guid:5FCFC2324AC35F0AD33CB9B8CC485A6F BaseClass: NativeClass:/Script/Engine.SkeletalMeshActor Name:SkeletalMeshActor_UAID_B00CD162E1E7A97702_2136760905 Label:Anim_HandcannonAim02 SpatiallyLoaded:1 Bounds:IsValid=true, Min=(X=973.156 Y=548.559 Z=100.110), Max=(X=1026.357 Y=666.682 Z=267.018) RuntimeGrid:None EditorOnly:0 RuntimeOnly:0 HLODRelevant:0
 |   |   |- [+] [ 11]
 |   |   |   |- Guid:52AB8B20454C11AF9227DD9AAC4A0A4C BaseClass: NativeClass:/Script/Engine.SkeletalMeshActor Name:SkeletalMeshActor_UAID_B00CD162E1E7A97702_2140663906 Label:Anim_HandcannonAim03 SpatiallyLoaded:1 Bounds:IsValid=true, Min=(X=1362.483 Y=537.071 Z=94.704), Max=(X=1423.719 Y=669.000 Z=222.514) RuntimeGrid:None EditorOnly:0 RuntimeOnly:0 HLODRelevant:0
 |   |   |- [+] [ 12]
 |   |   |   |- Guid:B30334D0461303EC7C3F348CC8784C30 BaseClass: NativeClass:/Script/Engine.SkeletalMeshActor Name:SkeletalMeshActor_UAID_B00CD162E1E7A97702_2143011907 Label:Anim_HandcannonAim04 SpatiallyLoaded:1 Bounds:IsValid=true, Min=(X=1777.288 Y=529.057 Z=94.716), Max=(X=1838.512 Y=661.027 Z=222.513) RuntimeGrid:None EditorOnly:0 RuntimeOnly:0 HLODRelevant:0
 |   |   |- [+] [ 13]
 |   |   |   |- Guid:B92B825D4FCA3C214F7E3D89D4E375EF BaseClass: NativeClass:/Script/Engine.SkeletalMeshActor Name:SkeletalMeshActor_UAID_B00CD162E1E7AA7702_1234836084 Label:Anim_HandcannonAim05 SpatiallyLoaded:1 Bounds:IsValid=true, Min=(X=584.623 Y=990.370 Z=96.256), Max=(X=633.171 Y=1205.746 Z=150.136) RuntimeGrid:None EditorOnly:0 RuntimeOnly:0 HLODRelevant:0
 |   |   |- [+] [ 14]
 |   |   |   |- Guid:E18CE53E46C0CCD6B07A5481614646FE BaseClass: NativeClass:/Script/Engine.SkeletalMeshActor Name:SkeletalMeshActor_UAID_B00CD162E1E7AA7702_1236788085 Label:Anim_HandcannonAim06 SpatiallyLoaded:1 Bounds:IsValid=true, Min=(X=975.808 Y=988.367 Z=96.261), Max=(X=1024.353 Y=1203.769 Z=150.141) RuntimeGrid:None EditorOnly:0 RuntimeOnly:0 HLODRelevant:0
 |   |   |- [+] [ 15]
 |   |   |   |- Guid:8C5B4E434A19CDEC6FE709A2D1D3811A BaseClass: NativeClass:/Script/Engine.SkeletalMeshActor Name:SkeletalMeshActor_UAID_B00CD162E1E7AA7702_1239189086 Label:Anim_HandcannonAim07 SpatiallyLoaded:1 Bounds:IsValid=true, Min=(X=1378.305 Y=1057.786 Z=97.848), Max=(X=1428.340 Y=1184.127 Z=191.195) RuntimeGrid:None EditorOnly:0 RuntimeOnly:0 HLODRelevant:0
 |   |   |- [+] [ 16]
 |   |   |   |- Guid:A6B0905E424F3722FD46CDBF147A0174 BaseClass: NativeClass:/Script/Engine.SkeletalMeshActor Name:SkeletalMeshActor_UAID_B00CD162E1E7AA7702_1242022087 Label:Anim_HandcannonAim08 SpatiallyLoaded:1 Bounds:IsValid=true, Min=(X=1773.658 Y=1058.785 Z=97.799), Max=(X=1823.693 Y=1185.131 Z=191.195) RuntimeGrid:None EditorOnly:0 RuntimeOnly:0 HLODRelevant:0
 |   |   |- [+] [ 17]
 |   |   |   |- Guid:B6C2636840139D2E5EB6BE969377B503 BaseClass: NativeClass:/Script/Engine.SkeletalMeshActor Name:SkeletalMeshActor_UAID_B00CD162E1E7AA7702_1246935088 Label:Anim_HandcannonAim09 SpatiallyLoaded:1 Bounds:IsValid=true, Min=(X=491.187 Y=1574.207 Z=97.870), Max=(X=667.055 Y=1658.635 Z=148.735) RuntimeGrid:None EditorOnly:0 RuntimeOnly:0 HLODRelevant:0
 |   |   |- [+] [ 18]
 |   |   |   |- Guid:611F48A54BC03CF3502133BE75EE80A5 BaseClass: NativeClass:/Script/Engine.SkeletalMeshActor Name:SkeletalMeshActor_UAID_B00CD162E1E7AA7702_1249024089 Label:Anim_HandcannonAim10 SpatiallyLoaded:1 Bounds:IsValid=true, Min=(X=929.955 Y=1577.179 Z=97.811), Max=(X=1105.806 Y=1661.664 Z=148.767) RuntimeGrid:None EditorOnly:0 RuntimeOnly:0 HLODRelevant:0
 |   |   |- [+] [ 19]
 |   |   |   |- Guid:0944B06049C6BF6CAF44628249E88936 BaseClass: NativeClass:/Script/Engine.SkeletalMeshActor Name:SkeletalMeshActor_UAID_B00CD162E1E7AA7702_1251409090 Label:Anim_HandcannonAim11 SpatiallyLoaded:1 Bounds:IsValid=true, Min=(X=1329.894 Y=1574.636 Z=98.227), Max=(X=1499.043 Y=1654.338 Z=148.039) RuntimeGrid:None EditorOnly:0 RuntimeOnly:0 HLODRelevant:0
 |   |   |- [+] [ 20]
 |   |   |   |- Guid:2D5790E74CF369AEB76C3CAE1E5CC461 BaseClass: NativeClass:/Script/Engine.SkeletalMeshActor Name:SkeletalMeshActor_UAID_B00CD162E1E7AA7702_1253241091 Label:Anim_HandcannonAim12 SpatiallyLoaded:1 Bounds:IsValid=true, Min=(X=1710.953 Y=1568.650 Z=98.237), Max=(X=1880.106 Y=1648.368 Z=148.031) RuntimeGrid:None EditorOnly:0 RuntimeOnly:0 HLODRelevant:0
 |   |   |- [+] [ 21]
 |   |   |   |- Guid:DC97DA7243A4CDF7F5460294A8092DF4 BaseClass: NativeClass:/Script/Engine.SkeletalMeshActor Name:SkeletalMeshActor_UAID_B00CD162E1E7AA7702_1266679092 Label:Anim_HandcannonDiveBackward01 SpatiallyLoaded:1 Bounds:IsValid=true, Min=(X=565.693 Y=2866.459 Z=99.926), Max=(X=638.346 Y=2945.356 Z=260.732) RuntimeGrid:None EditorOnly:0 RuntimeOnly:0 HLODRelevant:0
 |   |   |- [+] [ 22]
 |   |   |   |- Guid:D6700BAC4C9E2E2E7CFB8DAE4DBBDE02 BaseClass: NativeClass:/Script/Engine.SkeletalMeshActor Name:SkeletalMeshActor_UAID_B00CD162E1E7AA7702_1268907093 Label:Anim_HandcannonDiveBackward02 SpatiallyLoaded:1 Bounds:IsValid=true, Min=(X=968.652 Y=2871.462 Z=99.922), Max=(X=1041.310 Y=2950.363 Z=260.733) RuntimeGrid:None EditorOnly:0 RuntimeOnly:0 HLODRelevant:0
 |   |   |- [+] [ 23]
 |   |   |   |- Guid:B7D45B4C4AC4848A4697CD83115DE835 BaseClass: NativeClass:/Script/Engine.SkeletalMeshActor Name:SkeletalMeshActor_UAID_B00CD162E1E7AA7702_1271396094 Label:Anim_HandcannonDiveForward01 SpatiallyLoaded:1 Bounds:IsValid=true, Min=(X=1366.774 Y=2854.635 Z=100.025), Max=(X=1447.539 Y=2929.404 Z=254.032) RuntimeGrid:None EditorOnly:0 RuntimeOnly:0 HLODRelevant:0
 |   |   |- [+] [ 24]
 |   |   |   |- Guid:E2D85E01441BDAA3D60C57AEC3D324BB BaseClass: NativeClass:/Script/Engine.SkeletalMeshActor Name:SkeletalMeshActor_UAID_B00CD162E1E7AA7702_1273626095 Label:Anim_HandcannonDiveForward02 SpatiallyLoaded:1 Bounds:IsValid=true, Min=(X=1765.461 Y=2851.632 Z=100.020), Max=(X=1846.227 Y=2926.410 Z=254.030) RuntimeGrid:None EditorOnly:0 RuntimeOnly:0 HLODRelevant:0
 |   |   |- [+] [ 25]
 |   |   |   |- Guid:FB9E1FEE41AC91D98374968EE365E229 BaseClass: NativeClass:/Script/Engine.SkeletalMeshActor Name:SkeletalMeshActor_UAID_B00CD162E1E7AA7702_1287340096 Label:Anim_HandcannonDiveLeft01 SpatiallyLoaded:1 Bounds:IsValid=true, Min=(X=1765.166 Y=3368.693 Z=100.142), Max=(X=1848.529 Y=3442.964 Z=252.156) RuntimeGrid:None EditorOnly:0 RuntimeOnly:0 HLODRelevant:0
 |   |   |- [+] [ 26]
 |   |   |   |- Guid:4C6F3C70415E5E281C81E089E995E720 BaseClass: NativeClass:/Script/Engine.SkeletalMeshActor Name:SkeletalMeshActor_UAID_B00CD162E1E7AA7702_1290249097 Label:Anim_HandcannonDiveLeft02 SpatiallyLoaded:1 Bounds:IsValid=true, Min=(X=1360.084 Y=3376.687 Z=100.144), Max=(X=1443.568 Y=3450.961 Z=252.157) RuntimeGrid:None EditorOnly:0 RuntimeOnly:0 HLODRelevant:0
 |   |   |- [+] [ 27]
 |   |   |   |- Guid:264061B046FE7E1D5EB9A29A5CEDAB22 BaseClass: NativeClass:/Script/Engine.SkeletalMeshActor Name:SkeletalMeshActor_UAID_B00CD162E1E7AA7702_1292706098 Label:Anim_HandcannonDiveRight01 SpatiallyLoaded:1 Bounds:IsValid=true, Min=(X=957.457 Y=3373.677 Z=100.137), Max=(X=1040.879 Y=3447.968 Z=252.160) RuntimeGrid:None EditorOnly:0 RuntimeOnly:0 HLODRelevant:0
 |   |   |- [+] [ 28]
 |   |   |   |- Guid:2DB869364111769647CEB7949F2BD1C8 BaseClass: NativeClass:/Script/Engine.SkeletalMeshActor Name:SkeletalMeshActor_UAID_B00CD162E1E7AA7702_1294523099 Label:Anim_HandcannonDiveRight02 SpatiallyLoaded:1 Bounds:IsValid=true, Min=(X=551.456 Y=3373.677 Z=100.137), Max=(X=634.881 Y=3447.966 Z=252.158) RuntimeGrid:None EditorOnly:0 RuntimeOnly:0 HLODRelevant:0
 |   |   |- [+] [ 29]
 |   |   |   |- Guid:B3A02B3343CED1F7AC243C9C24A38718 BaseClass: NativeClass:/Script/Engine.SkeletalMeshActor Name:SkeletalMeshActor_UAID_B00CD162E1E7AA7702_1310176100 Label:Anim_HandcannonProneRollBackward01 SpatiallyLoaded:1 Bounds:IsValid=true, Min=(X=489.191 Y=4379.208 Z=97.866), Max=(X=665.057 Y=4463.634 Z=148.731) RuntimeGrid:None EditorOnly:0 RuntimeOnly:0 HLODRelevant:0
 |   |   |- [+] [ 30]
 |   |   |   |- Guid:4A73D1F64B46F10FBE7D97BD9975B068 BaseClass: NativeClass:/Script/Engine.SkeletalMeshActor Name:SkeletalMeshActor_UAID_B00CD162E1E7AA7702_1312922101 Label:Anim_HandcannonProneRollBackward02 SpatiallyLoaded:1 Bounds:IsValid=true, Min=(X=925.943 Y=4371.181 Z=97.869), Max=(X=1101.809 Y=4455.666 Z=148.732) RuntimeGrid:None EditorOnly:0 RuntimeOnly:0 HLODRelevant:0
 |   |   |- [+] [ 31]
 |   |   |   |- Guid:2F0E1ED54A962F5E581DC08EF7C99B29 BaseClass: NativeClass:/Script/Engine.SkeletalMeshActor Name:SkeletalMeshActor_UAID_B00CD162E1E7AA7702_1315758102 Label:Anim_HandcannonProneRollBackward03 SpatiallyLoaded:1 Bounds:IsValid=true, Min=(X=1338.893 Y=4369.637 Z=98.235), Max=(X=1508.045 Y=4449.337 Z=148.036) RuntimeGrid:None EditorOnly:0 RuntimeOnly:0 HLODRelevant:0
 |   |   |- [+] [ 32]
 |   |   |   |- Guid:FEAF488C47115900269F408046E02547 BaseClass: NativeClass:/Script/Engine.SkeletalMeshActor Name:SkeletalMeshActor_UAID_B00CD162E1E7AA7702_1318100103 Label:Anim_HandcannonProneRollBackward04 SpatiallyLoaded:1 Bounds:IsValid=true, Min=(X=1714.947 Y=4358.667 Z=98.235), Max=(X=1884.106 Y=4438.367 Z=148.035) RuntimeGrid:None EditorOnly:0 RuntimeOnly:0 HLODRelevant:0
 |   |   |- [+] [ 33]
 |   |   |   |- Guid:5DC7428B408D87926F80408977868B7D BaseClass: NativeClass:/Script/Engine.SkeletalMeshActor Name:SkeletalMeshActor_UAID_B00CD162E1E7AA7702_1321853104 Label:Anim_HandcannonProneRollForward01 SpatiallyLoaded:1 Bounds:IsValid=true, Min=(X=491.191 Y=4878.208 Z=97.866), Max=(X=667.057 Y=4962.634 Z=148.731) RuntimeGrid:None EditorOnly:0 RuntimeOnly:0 HLODRelevant:0
 |   |   |- [+] [ 34]
 |   |   |   |- Guid:FF6C43C447B84E5EFDE522B49762825E BaseClass: NativeClass:/Script/Engine.SkeletalMeshActor Name:SkeletalMeshActor_UAID_B00CD162E1E7AA7702_1324404105 Label:Anim_HandcannonProneRollForward02 SpatiallyLoaded:1 Bounds:IsValid=true, Min=(X=930.942 Y=4881.183 Z=97.864), Max=(X=1106.807 Y=4965.665 Z=148.731) RuntimeGrid:None EditorOnly:0 RuntimeOnly:0 HLODRelevant:0
 |   |   |- [+] [ 35]
 |   |   |   |- Guid:A5D59C40441709D7284E1B86EA305589 BaseClass: NativeClass:/Script/Engine.SkeletalMeshActor Name:SkeletalMeshActor_UAID_B00CD162E1E7AA7702_1326837106 Label:Anim_HandcannonProneRollForward03 SpatiallyLoaded:1 Bounds:IsValid=true, Min=(X=1334.893 Y=4868.637 Z=98.235), Max=(X=1504.045 Y=4948.337 Z=148.036) RuntimeGrid:None EditorOnly:0 RuntimeOnly:0 HLODRelevant:0
 |   |   |- [+] [ 36]
 |   |   |   |- Guid:E059FB924A96AC14EB181482AC3B11EF BaseClass: NativeClass:/Script/Engine.SkeletalMeshActor Name:SkeletalMeshActor_UAID_B00CD162E1E7AA7702_1329198107 Label:Anim_HandcannonProneRollForward04 SpatiallyLoaded:1 Bounds:IsValid=true, Min=(X=1704.952 Y=4873.643 Z=98.231), Max=(X=1874.106 Y=4953.368 Z=148.035) RuntimeGrid:None EditorOnly:0 RuntimeOnly:0 HLODRelevant:0
 |   |   |- [+] [ 37]
 |   |   |   |- Guid:F59C6FC943C9D80A9B34EE8035FEEE45 BaseClass: NativeClass:/Script/Engine.SkeletalMeshActor Name:SkeletalMeshActor_UAID_B00CD162E1E7AA7702_1336154108 Label:Anim_HandcannonProneRollLeft01 SpatiallyLoaded:1 Bounds:IsValid=true, Min=(X=574.637 Y=5286.369 Z=96.263), Max=(X=623.175 Y=5501.745 Z=150.134) RuntimeGrid:None EditorOnly:0 RuntimeOnly:0 HLODRelevant:0
 |   |   |- [+] [ 38]
 |   |   |   |- Guid:BC4144B84630123C87FB55B9682ADEE7 BaseClass: NativeClass:/Script/Engine.SkeletalMeshActor Name:SkeletalMeshActor_UAID_B00CD162E1E7AA7702_1338940109 Label:Anim_HandcannonProneRollLeft02 SpatiallyLoaded:1 Bounds:IsValid=true, Min=(X=974.815 Y=5290.369 Z=96.266), Max=(X=1023.353 Y=5505.776 Z=150.130) RuntimeGrid:None EditorOnly:0 RuntimeOnly:0 HLODRelevant:0
 |   |   |- [+] [ 39]
 |   |   |   |- Guid:C68FC3CF43D11F2C59950EBE37A2BF2E BaseClass: NativeClass:/Script/Engine.SkeletalMeshActor Name:SkeletalMeshActor_UAID_B00CD162E1E7AA7702_1341397110 Label:Anim_HandcannonProneRollLeft03 SpatiallyLoaded:1 Bounds:IsValid=true, Min=(X=1376.306 Y=5357.787 Z=97.850), Max=(X=1426.342 Y=5484.123 Z=191.195) RuntimeGrid:None EditorOnly:0 RuntimeOnly:0 HLODRelevant:0
 |   |   |- [+] [ 40]
 |   |   |   |- Guid:B5045E6E42B3C5FCE08F758838A420CA BaseClass: NativeClass:/Script/Engine.SkeletalMeshActor Name:SkeletalMeshActor_UAID_B00CD162E1E7AA7702_1343242111 Label:Anim_HandcannonProneRollLeft04 SpatiallyLoaded:1 Bounds:IsValid=true, Min=(X=1775.650 Y=5358.783 Z=97.801), Max=(X=1825.692 Y=5485.126 Z=191.194) RuntimeGrid:None EditorOnly:0 RuntimeOnly:0 HLODRelevant:0
 |   |   |- [+] [ 41]
 |   |   |   |- Guid:7110560D4259893CAE53AFBD2C09EC0A BaseClass: NativeClass:/Script/Engine.SkeletalMeshActor Name:SkeletalMeshActor_UAID_B00CD162E1E7AA7702_1349277112 Label:Anim_HandcannonProneRollRight01 SpatiallyLoaded:1 Bounds:IsValid=true, Min=(X=573.631 Y=5786.370 Z=96.257), Max=(X=622.169 Y=6001.745 Z=150.138) RuntimeGrid:None EditorOnly:0 RuntimeOnly:0 HLODRelevant:0
 |   |   |- [+] [ 42]
 |   |   |   |- Guid:C36DA6B04A318652C7C15BA48046030F BaseClass: NativeClass:/Script/Engine.SkeletalMeshActor Name:SkeletalMeshActor_UAID_B00CD162E1E7AA7702_1351563113 Label:Anim_HandcannonProneRollRight02 SpatiallyLoaded:1 Bounds:IsValid=true, Min=(X=975.807 Y=5782.368 Z=96.259), Max=(X=1024.347 Y=5997.776 Z=150.135) RuntimeGrid:None EditorOnly:0 RuntimeOnly:0 HLODRelevant:0
 |   |   |- [+] [ 43]
 |   |   |   |- Guid:03B1640D4F63F8CA19EE458AAD4FC28D BaseClass: NativeClass:/Script/Engine.SkeletalMeshActor Name:SkeletalMeshActor_UAID_B00CD162E1E7AA7702_1353730114 Label:Anim_HandcannonProneRollRight03 SpatiallyLoaded:1 Bounds:IsValid=true, Min=(X=1376.306 Y=5857.784 Z=97.850), Max=(X=1426.346 Y=5984.123 Z=191.194) RuntimeGrid:None EditorOnly:0 RuntimeOnly:0 HLODRelevant:0
 |   |   |- [+] [ 44]
 |   |   |   |- Guid:5DFDF3F94F5D1982137E2AAFD038644D BaseClass: NativeClass:/Script/Engine.SkeletalMeshActor Name:SkeletalMeshActor_UAID_B00CD162E1E7AA7702_1356011115 Label:Anim_HandcannonProneRollRight04 SpatiallyLoaded:1 Bounds:IsValid=true, Min=(X=1771.656 Y=5864.782 Z=97.801), Max=(X=1821.692 Y=5991.128 Z=191.194) RuntimeGrid:None EditorOnly:0 RuntimeOnly:0 HLODRelevant:0
 |   |   |- [+] [ 45]
 |   |   |   |- Guid:63C744D0414A95D881AFA59E8BFBC95C BaseClass: NativeClass:/Script/Engine.SkeletalMeshActor Name:SkeletalMeshActor_UAID_B00CD162E1E7AA7702_1378975116 Label:Anim_HandcannonReload01 SpatiallyLoaded:1 Bounds:IsValid=true, Min=(X=3372.635 Y=544.556 Z=100.113), Max=(X=3425.840 Y=662.654 Z=267.018) RuntimeGrid:None EditorOnly:0 RuntimeOnly:0 HLODRelevant:0
 |   |   |- [+] [ 46]
 |   |   |   |- Guid:B785E15740BF9B861962308A889CCDFA BaseClass: NativeClass:/Script/Engine.SkeletalMeshActor Name:SkeletalMeshActor_UAID_B00CD162E1E7AA7702_1381277117 Label:Anim_HandcannonReload02 SpatiallyLoaded:1 Bounds:IsValid=true, Min=(X=3781.158 Y=547.553 Z=100.109), Max=(X=3834.356 Y=665.685 Z=267.017) RuntimeGrid:None EditorOnly:0 RuntimeOnly:0 HLODRelevant:0
 |   |   |- [+] [ 47]
 |   |   |   |- Guid:4254F20B4841D62FCA9A45ABE5007125 BaseClass: NativeClass:/Script/Engine.SkeletalMeshActor Name:SkeletalMeshActor_UAID_B00CD162E1E7AA7702_1384837118 Label:Anim_HandcannonReload03 SpatiallyLoaded:1 Bounds:IsValid=true, Min=(X=4162.483 Y=541.071 Z=94.704), Max=(X=4223.719 Y=673.000 Z=222.514) RuntimeGrid:None EditorOnly:0 RuntimeOnly:0 HLODRelevant:0
 |   |   |- [+] [ 48]
 |   |   |   |- Guid:BC750F9E4151E47BD49F84A7CCA8739E BaseClass: NativeClass:/Script/Engine.SkeletalMeshActor Name:SkeletalMeshActor_UAID_B00CD162E1E7AA7702_1387971119 Label:Anim_HandcannonReload04 SpatiallyLoaded:1 Bounds:IsValid=true, Min=(X=4583.286 Y=530.060 Z=94.713), Max=(X=4644.513 Y=662.031 Z=222.513) RuntimeGrid:None EditorOnly:0 RuntimeOnly:0 HLODRelevant:0
 |   |   |- [+] [ 49]
 |   |   |   |- Guid:2E0C12504DAEFF5B44BA25A74267AEC0 BaseClass: NativeClass:/Script/Engine.SkeletalMeshActor Name:SkeletalMeshActor_UAID_B00CD162E1E7AA7702_1390467120 Label:Anim_HandcannonReload05 SpatiallyLoaded:1 Bounds:IsValid=true, Min=(X=3377.623 Y=990.370 Z=96.256), Max=(X=3426.171 Y=1205.745 Z=150.136) RuntimeGrid:None EditorOnly:0 RuntimeOnly:0 HLODRelevant:0
 |   |   |- [+] [ 50]
 |   |   |   |- Guid:DB536DED4D530B08FB83528530874EF0 BaseClass: NativeClass:/Script/Engine.SkeletalMeshActor Name:SkeletalMeshActor_UAID_B00CD162E1E7AA7702_1394194121 Label:Anim_HandcannonReload06 SpatiallyLoaded:1 Bounds:IsValid=true, Min=(X=3777.817 Y=985.368 Z=96.262), Max=(X=3826.361 Y=1200.776 Z=150.136) RuntimeGrid:None EditorOnly:0 RuntimeOnly:0 HLODRelevant:0
 |   |   |- [+] [ 51]
 |   |   |   |- Guid:C252A3F64D938080E841F2943ECF818F BaseClass: NativeClass:/Script/Engine.SkeletalMeshActor Name:SkeletalMeshActor_UAID_B00CD162E1E7AA7702_1398886122 Label:Anim_HandcannonReload07 SpatiallyLoaded:1 Bounds:IsValid=true, Min=(X=4179.305 Y=1058.785 Z=97.847), Max=(X=4229.340 Y=1185.127 Z=191.194) RuntimeGrid:None EditorOnly:0 RuntimeOnly:0 HLODRelevant:0
 |   |   |- [+] [ 52]
 |   |   |   |- Guid:F37BC80E42082D6FFCEB47A8B61813E7 BaseClass: NativeClass:/Script/Engine.SkeletalMeshActor Name:SkeletalMeshActor_UAID_B00CD162E1E7AA7702_1400877123 Label:Anim_HandcannonReload08 SpatiallyLoaded:1 Bounds:IsValid=true, Min=(X=4581.662 Y=1051.785 Z=97.798), Max=(X=4631.691 Y=1178.130 Z=191.194) RuntimeGrid:None EditorOnly:0 RuntimeOnly:0 HLODRelevant:0
 |   |   |- [+] [ 53]
 |   |   |   |- Guid:BDB1F57D40E217E813C183ACD8599B41 BaseClass: NativeClass:/Script/Engine.SkeletalMeshActor Name:SkeletalMeshActor_UAID_B00CD162E1E7AA7702_1406379124 Label:Anim_HandcannonReload09 SpatiallyLoaded:1 Bounds:IsValid=true, Min=(X=3292.187 Y=1574.207 Z=97.867), Max=(X=3468.057 Y=1658.635 Z=148.731) RuntimeGrid:None EditorOnly:0 RuntimeOnly:0 HLODRelevant:0
 |   |   |- [+] [ 54]
 |   |   |   |- Guid:35E74F17485D3324FB1C1C8D99852426 BaseClass: NativeClass:/Script/Engine.SkeletalMeshActor Name:SkeletalMeshActor_UAID_B00CD162E1E7AA7702_1408945125 Label:Anim_HandcannonReload10 SpatiallyLoaded:1 Bounds:IsValid=true, Min=(X=3729.956 Y=1577.179 Z=97.811), Max=(X=3905.806 Y=1661.665 Z=148.769) RuntimeGrid:None EditorOnly:0 RuntimeOnly:0 HLODRelevant:0
 |   |   |- [+] [ 55]
 |   |   |   |- Guid:480602084F007B137F428493ACA39105 BaseClass: NativeClass:/Script/Engine.SkeletalMeshActor Name:SkeletalMeshActor_UAID_B00CD162E1E7AA7702_1411110126 Label:Anim_HandcannonReload11 SpatiallyLoaded:1 Bounds:IsValid=true, Min=(X=4127.894 Y=1572.636 Z=98.227), Max=(X=4297.043 Y=1652.338 Z=148.039) RuntimeGrid:None EditorOnly:0 RuntimeOnly:0 HLODRelevant:0
 |   |   |- [+] [ 56]
 |   |   |   |- Guid:BD9592D94BC0ACC197F3D29F60A80D26 BaseClass: NativeClass:/Script/Engine.SkeletalMeshActor Name:SkeletalMeshActor_UAID_B00CD162E1E7AA7702_1413045127 Label:Anim_HandcannonReload12 SpatiallyLoaded:1 Bounds:IsValid=true, Min=(X=4505.954 Y=1572.637 Z=98.235), Max=(X=4675.106 Y=1652.370 Z=148.034) RuntimeGrid:None EditorOnly:0 RuntimeOnly:0 HLODRelevant:0
 |   |   |- [+] [ 57]
 |   |   |   |- Guid:8C9572FE4D4E91757053E9B8F7B8E65E BaseClass: NativeClass:/Script/Engine.SkeletalMeshActor Name:SkeletalMeshActor_UAID_B00CD162E1E7AA7702_1419377128 Label:Anim_HandcannonShoot01 SpatiallyLoaded:1 Bounds:IsValid=true, Min=(X=3375.636 Y=2453.558 Z=100.113), Max=(X=3428.840 Y=2571.656 Z=267.018) RuntimeGrid:None EditorOnly:0 RuntimeOnly:0 HLODRelevant:0
 |   |   |- [+] [ 58]
 |   |   |   |- Guid:19A1408143329C8EA9B2D8A25472336F BaseClass: NativeClass:/Script/Engine.SkeletalMeshActor Name:SkeletalMeshActor_UAID_B00CD162E1E7AA7702_1421757129 Label:Anim_HandcannonShoot02 SpatiallyLoaded:1 Bounds:IsValid=true, Min=(X=3772.158 Y=2448.548 Z=100.109), Max=(X=3825.357 Y=2566.677 Z=267.017) RuntimeGrid:None EditorOnly:0 RuntimeOnly:0 HLODRelevant:0
 |   |   |- [+] [ 59]
 |   |   |   |- Guid:C437DD5B44163A3907B00C83FF6DB18E BaseClass: NativeClass:/Script/Engine.SkeletalMeshActor Name:SkeletalMeshActor_UAID_B00CD162E1E7AA7702_1423923130 Label:Anim_HandcannonShoot03 SpatiallyLoaded:1 Bounds:IsValid=true, Min=(X=4167.483 Y=2435.071 Z=94.704), Max=(X=4228.719 Y=2567.000 Z=222.514) RuntimeGrid:None EditorOnly:0 RuntimeOnly:0 HLODRelevant:0
 |   |   |- [+] [ 60]
 |   |   |   |- Guid:03DD441B44EBE3C03D5E3897FE8642E8 BaseClass: NativeClass:/Script/Engine.SkeletalMeshActor Name:SkeletalMeshActor_UAID_B00CD162E1E7AA7702_1426088131 Label:Anim_HandcannonShoot04 SpatiallyLoaded:1 Bounds:IsValid=true, Min=(X=4584.288 Y=2432.060 Z=94.713), Max=(X=4645.513 Y=2564.027 Z=222.513) RuntimeGrid:None EditorOnly:0 RuntimeOnly:0 HLODRelevant:0
 |   |   |- [+] [ 61]
 |   |   |   |- Guid:48AA1FA7432B273121A6E2AD6D87C5B9 BaseClass: NativeClass:/Script/Engine.SkeletalMeshActor Name:SkeletalMeshActor_UAID_B00CD162E1E7AA7702_1429354132 Label:Anim_HandcannonShoot05 SpatiallyLoaded:1 Bounds:IsValid=true, Min=(X=3376.623 Y=2892.370 Z=96.256), Max=(X=3425.171 Y=3107.745 Z=150.137) RuntimeGrid:None EditorOnly:0 RuntimeOnly:0 HLODRelevant:0
 |   |   |- [+] [ 62]
 |   |   |   |- Guid:9E4A25B941D3D082074D599AAE89FACD BaseClass: NativeClass:/Script/Engine.SkeletalMeshActor Name:SkeletalMeshActor_UAID_B00CD162E1E7AA7702_1431444133 Label:Anim_HandcannonShoot06 SpatiallyLoaded:1 Bounds:IsValid=true, Min=(X=3772.808 Y=2885.367 Z=96.262), Max=(X=3821.353 Y=3100.768 Z=150.141) RuntimeGrid:None EditorOnly:0 RuntimeOnly:0 HLODRelevant:0
 |   |   |- [+] [ 63]
 |   |   |   |- Guid:A027968E4B5F359F8BB6E083411A009E BaseClass: NativeClass:/Script/Engine.SkeletalMeshActor Name:SkeletalMeshActor_UAID_B00CD162E1E7AA7702_1433461134 Label:Anim_HandcannonShoot07 SpatiallyLoaded:1 Bounds:IsValid=true, Min=(X=4175.305 Y=2962.786 Z=97.848), Max=(X=4225.340 Y=3089.127 Z=191.194) RuntimeGrid:None EditorOnly:0 RuntimeOnly:0 HLODRelevant:0
 |   |   |- [+] [ 64]
 |   |   |   |- Guid:FD8FB1CC46883D877D17218278980159 BaseClass: NativeClass:/Script/Engine.SkeletalMeshActor Name:SkeletalMeshActor_UAID_B00CD162E1E7AA7702_1435563135 Label:Anim_HandcannonShoot08 SpatiallyLoaded:1 Bounds:IsValid=true, Min=(X=4579.658 Y=2955.785 Z=97.799), Max=(X=4629.693 Y=3082.131 Z=191.195) RuntimeGrid:None EditorOnly:0 RuntimeOnly:0 HLODRelevant:0
 |   |   |- [+] [ 65]
 |   |   |   |- Guid:9840EEEB4213B24FA353E2945DCE296B BaseClass: NativeClass:/Script/Engine.SkeletalMeshActor Name:SkeletalMeshActor_UAID_B00CD162E1E7AA7702_1439614136 Label:Anim_HandcannonShoot09 SpatiallyLoaded:1 Bounds:IsValid=true, Min=(X=3291.187 Y=3475.207 Z=97.867), Max=(X=3467.057 Y=3559.635 Z=148.730) RuntimeGrid:None EditorOnly:0 RuntimeOnly:0 HLODRelevant:0
 |   |   |- [+] [ 66]
 |   |   |   |- Guid:ACA51A7E4D496099E362249853BE3B46 BaseClass: NativeClass:/Script/Engine.SkeletalMeshActor Name:SkeletalMeshActor_UAID_B00CD162E1E7AA7702_1441975137 Label:Anim_HandcannonShoot10 SpatiallyLoaded:1 Bounds:IsValid=true, Min=(X=3730.942 Y=3479.179 Z=97.866), Max=(X=3906.812 Y=3563.663 Z=148.732) RuntimeGrid:None EditorOnly:0 RuntimeOnly:0 HLODRelevant:0
 |   |   |- [+] [ 67]
 |   |   |   |- Guid:C02793CE46C629C89DD2CF9D875E3E75 BaseClass: NativeClass:/Script/Engine.SkeletalMeshActor Name:SkeletalMeshActor_UAID_B00CD162E1E7AA7702_1444012138 Label:Anim_HandcannonShoot11 SpatiallyLoaded:1 Bounds:IsValid=true, Min=(X=4127.894 Y=3470.636 Z=98.227), Max=(X=4297.043 Y=3550.338 Z=148.039) RuntimeGrid:None EditorOnly:0 RuntimeOnly:0 HLODRelevant:0
 |   |   |- [+] [ 68]
 |   |   |   |- Guid:5CCD05944DCE2A6F8867CBBD241554D4 BaseClass: NativeClass:/Script/Engine.SkeletalMeshActor Name:SkeletalMeshActor_UAID_B00CD162E1E7AA7702_1446003139 Label:Anim_HandcannonShoot12 SpatiallyLoaded:1 Bounds:IsValid=true, Min=(X=4509.950 Y=3466.656 Z=98.235), Max=(X=4679.107 Y=3546.370 Z=148.034) RuntimeGrid:None EditorOnly:0 RuntimeOnly:0 HLODRelevant:0
 |   |   |- [+] [ 69]
 |   |   |   |- Guid:56EFFAF543AFB123A25CCE9E4086AD3D BaseClass: NativeClass:/Script/Engine.StaticMeshActor Name:StaticMeshActor_UAID_B00CD162E1E7AA7702_1454170140 Label:SM_Handcannon SpatiallyLoaded:1 Bounds:IsValid=true, Min=(X=3855.713 Y=4601.914 Z=212.294), Max=(X=3905.804 Y=4608.031 Z=230.092) RuntimeGrid:None EditorOnly:0 RuntimeOnly:0 HLODRelevant:1
 |- ContainerInstances:
 |- [+] MainContainer:
 |   |-        ID: 0x0000000000000000
 |   |-    Bounds: IsValid=false, Min=(X=0.000 Y=0.000 Z=0.000), Max=(X=0.000 Y=0.000 Z=0.000)
 |   |- Transform: 0.000000,0.000000,0.000000|0.000000,0.000000,-0.000000|1.000000,1.000000,1.000000
 |   |- Container: /Game/TacticalHandcannon/Maps/ThirdPersonMap
----------------------------------------------------------------------------------------------------------------
ThirdPersonMap - Persistent Level
----------------------------------------------------------------------------------------------------------------
Always loaded Actor Count: 140 

----------------------------------------------------------------------------------------------------------------
ThirdPersonMap - Runtime Spatial Hash - Streaming Grid - MainGrid
----------------------------------------------------------------------------------------------------------------
            Origin: X=0.000 Y=0.000 Z=0.000
         Cell Size: 12800
      World Bounds: IsValid=false, Min=(X=0.000 Y=0.000 Z=0.000), Max=(X=0.000 Y=0.000 Z=0.000)
     Loading Range: 25600.00
Block Slow Loading: No
 ClientOnlyVisible: No

[+] Grid Levels: 1
 |- Level  0: Cell Count    0 | Cell Size   12800 | Actor Count    0 (0.0%)

[+] Content of Grid Level 0

