[+] Containers:
 |- [+] Container: /Game/TacticalHandcannon/Maps/ThirdPersonMap
 |   |- [+] ActorDescs:
 |   |   |- Guid:238F3BEB4B985C0732CE9CB25CA38DCC BaseClass: NativeClass:/Script/Engine.DirectionalLight Name:DirectionalLight_UAID_B00CD162E1E7606102_2079774825 Label:DirectionalLight SpatiallyLoaded:0 Bounds:IsValid=true, Min=(X=-4398046511104.000 Y=-4398046511104.000 Z=-4398046511104.000), Max=(X=4398046511104.000 Y=4398046511104.000 Z=4398046511104.000) RuntimeGrid:None EditorOnly:0 RuntimeOnly:0 HLODRelevant:0
 |   |   |- Guid:3A00AA1C422CE54C0BDB60BAF471BFBB BaseClass: NativeClass:/Script/Engine.PlayerStart Name:PlayerStart_0 Label:PlayerStart SpatiallyLoaded:0 Bounds:IsValid=true, Min=(X=4412.000 Y=1070.000 Z=0.013), Max=(X=4492.000 Y=1150.000 Z=184.013) RuntimeGrid:None EditorOnly:0 RuntimeOnly:0 HLODRelevant:0
 |   |   |- Guid:49856FF745B848048E7C2CB606434DCC BaseClass: NativeClass:/Script/Engine.VolumetricCloud Name:VolumetricCloud_UAID_B00CD162E1E7606102_2080454827 Label:VolumetricCloud SpatiallyLoaded:0 Bounds:IsValid=true, Min=(X=0.000 Y=0.000 Z=0.000), Max=(X=0.000 Y=0.000 Z=0.000) RuntimeGrid:None EditorOnly:0 RuntimeOnly:0 HLODRelevant:0
 |   |   |- Guid:52AB8B20454C11AF9227DD9AAC4A0A4C BaseClass: NativeClass:/Script/Engine.SkeletalMeshActor Name:SkeletalMeshActor_UAID_B00CD162E1E7A97702_2140663906 Label:Anim_HandcannonAim03 SpatiallyLoaded:1 Bounds:IsValid=true, Min=(X=1362.483 Y=537.071 Z=94.704), Max=(X=1423.719 Y=669.000 Z=222.514) RuntimeGrid:None EditorOnly:0 RuntimeOnly:0 HLODRelevant:0
 |   |   |- Guid:5FCFC2324AC35F0AD33CB9B8CC485A6F BaseClass: NativeClass:/Script/Engine.SkeletalMeshActor Name:SkeletalMeshActor_UAID_B00CD162E1E7A97702_2136760905 Label:Anim_HandcannonAim02 SpatiallyLoaded:1 Bounds:IsValid=true, Min=(X=973.156 Y=548.559 Z=100.110), Max=(X=1026.357 Y=666.682 Z=267.018) RuntimeGrid:None EditorOnly:0 RuntimeOnly:0 HLODRelevant:0
 |   |   |- Guid:6BAF4DDD444C60371492D3919DB42C97 BaseClass: NativeClass:/Script/Engine.WorldDataLayers Name:WorldDataLayers Label:WorldDataLayers SpatiallyLoaded:0 Bounds:IsValid=true, Min=(X=0.000 Y=0.000 Z=0.000), Max=(X=0.000 Y=0.000 Z=0.000) RuntimeGrid:None EditorOnly:0 RuntimeOnly:0 HLODRelevant:0
 |   |   |- Guid:6E965A9D40B55CB7E6E214A93509FB3B BaseClass: NativeClass:/Script/Engine.ExponentialHeightFog Name:ExponentialHeightFog_UAID_B00CD162E1E7606102_2080833828 Label:ExponentialHeightFog SpatiallyLoaded:0 Bounds:IsValid=true, Min=(X=0.000 Y=0.000 Z=0.000), Max=(X=0.000 Y=0.000 Z=0.000) RuntimeGrid:None EditorOnly:0 RuntimeOnly:0 HLODRelevant:0
 |   |   |- Guid:87B0C6384DACCEB2B4BF918CF23CEF73 BaseClass: NativeClass:/Script/Engine.SkyLight Name:SkyLight_UAID_B00CD162E1E7606102_2079436824 Label:SkyLight SpatiallyLoaded:0 Bounds:IsValid=true, Min=(X=0.000 Y=0.000 Z=0.000), Max=(X=0.000 Y=0.000 Z=0.000) RuntimeGrid:None EditorOnly:0 RuntimeOnly:0 HLODRelevant:0
 |   |   |- Guid:AD8453004E84EFCBDF86318CA36ABA63 BaseClass: NativeClass:/Script/Engine.TextRenderActor Name:TextRenderActor_UAID_B00CD162E1E7806F02_2079325361 Label:TextRenderActor14 SpatiallyLoaded:1 Bounds:IsValid=true, Min=(X=822.900 Y=-52.000 Z=625.013), Max=(X=2299.823 Y=-52.000 Z=775.013) RuntimeGrid:None EditorOnly:0 RuntimeOnly:0 HLODRelevant:0
 |   |   |- Guid:B30334D0461303EC7C3F348CC8784C30 BaseClass: NativeClass:/Script/Engine.SkeletalMeshActor Name:SkeletalMeshActor_UAID_B00CD162E1E7A97702_2143011907 Label:Anim_HandcannonAim04 SpatiallyLoaded:1 Bounds:IsValid=true, Min=(X=1777.288 Y=529.057 Z=94.716), Max=(X=1838.512 Y=661.027 Z=222.513) RuntimeGrid:None EditorOnly:0 RuntimeOnly:0 HLODRelevant:0
 |   |   |- Guid:CCA6F52D4F6C1B24FA00F59444716FA9 BaseClass: NativeClass:/Script/Engine.SkeletalMeshActor Name:SkeletalMeshActor_UAID_B00CD162E1E7A97702_2133726904 Label:Anim_HandcannonAim01 SpatiallyLoaded:1 Bounds:IsValid=true, Min=(X=569.636 Y=547.558 Z=100.113), Max=(X=622.840 Y=665.656 Z=267.018) RuntimeGrid:None EditorOnly:0 RuntimeOnly:0 HLODRelevant:0
 |   |   |- Guid:F1924B8D48954B30891B2DB6A694F9CC BaseClass: NativeClass:/Script/Engine.StaticMeshActor Name:StaticMeshActor_1 Label:SM_Cube SpatiallyLoaded:1 Bounds:IsValid=true, Min=(X=0.000 Y=0.000 Z=-50.000), Max=(X=7000.000 Y=7000.000 Z=100.000) RuntimeGrid:None EditorOnly:0 RuntimeOnly:0 HLODRelevant:1 FolderPath:Playground FolderGuid:C73F09FC4215536B1DCE2A9E0A830C70
 |   |   |- Guid:FDB274D8407BABB00CFC7090415FE3EC BaseClass: NativeClass:/Script/Engine.SkyAtmosphere Name:SkyAtmosphere_UAID_B00CD162E1E7606102_2080104826 Label:SkyAtmosphere SpatiallyLoaded:0 Bounds:IsValid=true, Min=(X=0.000 Y=0.000 Z=0.000), Max=(X=0.000 Y=0.000 Z=0.000) RuntimeGrid:None EditorOnly:0 RuntimeOnly:0 HLODRelevant:0
 |   |- [+] Clusters:
 |   |   |- [+] [  0]
 |   |   |   |- Guid:FDB274D8407BABB00CFC7090415FE3EC BaseClass: NativeClass:/Script/Engine.SkyAtmosphere Name:SkyAtmosphere_UAID_B00CD162E1E7606102_2080104826 Label:SkyAtmosphere SpatiallyLoaded:0 Bounds:IsValid=true, Min=(X=0.000 Y=0.000 Z=0.000), Max=(X=0.000 Y=0.000 Z=0.000) RuntimeGrid:None EditorOnly:0 RuntimeOnly:0 HLODRelevant:0
 |   |   |- [+] [  1]
 |   |   |   |- Guid:6E965A9D40B55CB7E6E214A93509FB3B BaseClass: NativeClass:/Script/Engine.ExponentialHeightFog Name:ExponentialHeightFog_UAID_B00CD162E1E7606102_2080833828 Label:ExponentialHeightFog SpatiallyLoaded:0 Bounds:IsValid=true, Min=(X=0.000 Y=0.000 Z=0.000), Max=(X=0.000 Y=0.000 Z=0.000) RuntimeGrid:None EditorOnly:0 RuntimeOnly:0 HLODRelevant:0
 |   |   |- [+] [  2]
 |   |   |   |- Guid:49856FF745B848048E7C2CB606434DCC BaseClass: NativeClass:/Script/Engine.VolumetricCloud Name:VolumetricCloud_UAID_B00CD162E1E7606102_2080454827 Label:VolumetricCloud SpatiallyLoaded:0 Bounds:IsValid=true, Min=(X=0.000 Y=0.000 Z=0.000), Max=(X=0.000 Y=0.000 Z=0.000) RuntimeGrid:None EditorOnly:0 RuntimeOnly:0 HLODRelevant:0
 |   |   |- [+] [  3]
 |   |   |   |- Guid:87B0C6384DACCEB2B4BF918CF23CEF73 BaseClass: NativeClass:/Script/Engine.SkyLight Name:SkyLight_UAID_B00CD162E1E7606102_2079436824 Label:SkyLight SpatiallyLoaded:0 Bounds:IsValid=true, Min=(X=0.000 Y=0.000 Z=0.000), Max=(X=0.000 Y=0.000 Z=0.000) RuntimeGrid:None EditorOnly:0 RuntimeOnly:0 HLODRelevant:0
 |   |   |- [+] [  4]
 |   |   |   |- Guid:6BAF4DDD444C60371492D3919DB42C97 BaseClass: NativeClass:/Script/Engine.WorldDataLayers Name:WorldDataLayers Label:WorldDataLayers SpatiallyLoaded:0 Bounds:IsValid=true, Min=(X=0.000 Y=0.000 Z=0.000), Max=(X=0.000 Y=0.000 Z=0.000) RuntimeGrid:None EditorOnly:0 RuntimeOnly:0 HLODRelevant:0
 |   |   |- [+] [  5]
 |   |   |   |- Guid:F1924B8D48954B30891B2DB6A694F9CC BaseClass: NativeClass:/Script/Engine.StaticMeshActor Name:StaticMeshActor_1 Label:SM_Cube SpatiallyLoaded:1 Bounds:IsValid=true, Min=(X=0.000 Y=0.000 Z=-50.000), Max=(X=7000.000 Y=7000.000 Z=100.000) RuntimeGrid:None EditorOnly:0 RuntimeOnly:0 HLODRelevant:1 FolderPath:Playground FolderGuid:C73F09FC4215536B1DCE2A9E0A830C70
 |   |   |- [+] [  6]
 |   |   |   |- Guid:AD8453004E84EFCBDF86318CA36ABA63 BaseClass: NativeClass:/Script/Engine.TextRenderActor Name:TextRenderActor_UAID_B00CD162E1E7806F02_2079325361 Label:TextRenderActor14 SpatiallyLoaded:1 Bounds:IsValid=true, Min=(X=822.900 Y=-52.000 Z=625.013), Max=(X=2299.823 Y=-52.000 Z=775.013) RuntimeGrid:None EditorOnly:0 RuntimeOnly:0 HLODRelevant:0
 |   |   |- [+] [  7]
 |   |   |   |- Guid:238F3BEB4B985C0732CE9CB25CA38DCC BaseClass: NativeClass:/Script/Engine.DirectionalLight Name:DirectionalLight_UAID_B00CD162E1E7606102_2079774825 Label:DirectionalLight SpatiallyLoaded:0 Bounds:IsValid=true, Min=(X=-4398046511104.000 Y=-4398046511104.000 Z=-4398046511104.000), Max=(X=4398046511104.000 Y=4398046511104.000 Z=4398046511104.000) RuntimeGrid:None EditorOnly:0 RuntimeOnly:0 HLODRelevant:0
 |   |   |- [+] [  8]
 |   |   |   |- Guid:3A00AA1C422CE54C0BDB60BAF471BFBB BaseClass: NativeClass:/Script/Engine.PlayerStart Name:PlayerStart_0 Label:PlayerStart SpatiallyLoaded:0 Bounds:IsValid=true, Min=(X=4412.000 Y=1070.000 Z=0.013), Max=(X=4492.000 Y=1150.000 Z=184.013) RuntimeGrid:None EditorOnly:0 RuntimeOnly:0 HLODRelevant:0
 |   |   |- [+] [  9]
 |   |   |   |- Guid:CCA6F52D4F6C1B24FA00F59444716FA9 BaseClass: NativeClass:/Script/Engine.SkeletalMeshActor Name:SkeletalMeshActor_UAID_B00CD162E1E7A97702_2133726904 Label:Anim_HandcannonAim01 SpatiallyLoaded:1 Bounds:IsValid=true, Min=(X=569.636 Y=547.558 Z=100.113), Max=(X=622.840 Y=665.656 Z=267.018) RuntimeGrid:None EditorOnly:0 RuntimeOnly:0 HLODRelevant:0
 |   |   |- [+] [ 10]
 |   |   |   |- Guid:5FCFC2324AC35F0AD33CB9B8CC485A6F BaseClass: NativeClass:/Script/Engine.SkeletalMeshActor Name:SkeletalMeshActor_UAID_B00CD162E1E7A97702_2136760905 Label:Anim_HandcannonAim02 SpatiallyLoaded:1 Bounds:IsValid=true, Min=(X=973.156 Y=548.559 Z=100.110), Max=(X=1026.357 Y=666.682 Z=267.018) RuntimeGrid:None EditorOnly:0 RuntimeOnly:0 HLODRelevant:0
 |   |   |- [+] [ 11]
 |   |   |   |- Guid:52AB8B20454C11AF9227DD9AAC4A0A4C BaseClass: NativeClass:/Script/Engine.SkeletalMeshActor Name:SkeletalMeshActor_UAID_B00CD162E1E7A97702_2140663906 Label:Anim_HandcannonAim03 SpatiallyLoaded:1 Bounds:IsValid=true, Min=(X=1362.483 Y=537.071 Z=94.704), Max=(X=1423.719 Y=669.000 Z=222.514) RuntimeGrid:None EditorOnly:0 RuntimeOnly:0 HLODRelevant:0
 |   |   |- [+] [ 12]
 |   |   |   |- Guid:B30334D0461303EC7C3F348CC8784C30 BaseClass: NativeClass:/Script/Engine.SkeletalMeshActor Name:SkeletalMeshActor_UAID_B00CD162E1E7A97702_2143011907 Label:Anim_HandcannonAim04 SpatiallyLoaded:1 Bounds:IsValid=true, Min=(X=1777.288 Y=529.057 Z=94.716), Max=(X=1838.512 Y=661.027 Z=222.513) RuntimeGrid:None EditorOnly:0 RuntimeOnly:0 HLODRelevant:0
 |- ContainerInstances:
 |- [+] MainContainer:
 |   |-        ID: 0x0000000000000000
 |   |-    Bounds: IsValid=false, Min=(X=0.000 Y=0.000 Z=0.000), Max=(X=0.000 Y=0.000 Z=0.000)
 |   |- Transform: 0.000000,0.000000,0.000000|0.000000,0.000000,-0.000000|1.000000,1.000000,1.000000
 |   |- Container: /Game/TacticalHandcannon/Maps/ThirdPersonMap
----------------------------------------------------------------------------------------------------------------
ThirdPersonMap - Persistent Level
----------------------------------------------------------------------------------------------------------------
Always loaded Actor Count: 26 

----------------------------------------------------------------------------------------------------------------
ThirdPersonMap - Runtime Spatial Hash - Streaming Grid - MainGrid
----------------------------------------------------------------------------------------------------------------
            Origin: X=0.000 Y=0.000 Z=0.000
         Cell Size: 12800
      World Bounds: IsValid=false, Min=(X=0.000 Y=0.000 Z=0.000), Max=(X=0.000 Y=0.000 Z=0.000)
     Loading Range: 25600.00
Block Slow Loading: No
 ClientOnlyVisible: No

[+] Grid Levels: 1
 |- Level  0: Cell Count    0 | Cell Size   12800 | Actor Count    0 (0.0%)

[+] Content of Grid Level 0

